  [1m[35m (12.4ms)[0m  [1m[35mDROP TABLE IF EXISTS "courses" CASCADE[0m
  [1m[35m (253.4ms)[0m  [1m[35mCREATE TABLE "courses" ("id" bigserial primary key, "name" character varying, "prereq_id" integer, "instructor_id" integer, "created_at" timestamp NOT NULL, "updated_at" timestamp NOT NULL)[0m
  [1m[35m (0.8ms)[0m  [1m[35mDROP TABLE IF EXISTS "enrollments" CASCADE[0m
  [1m[35m (89.4ms)[0m  [1m[35mCREATE TABLE "enrollments" ("id" bigserial primary key, "course_id" integer, "student_id" integer, "created_at" timestamp NOT NULL, "updated_at" timestamp NOT NULL)[0m
  [1m[35m (0.7ms)[0m  [1m[35mDROP TABLE IF EXISTS "users" CASCADE[0m
  [1m[35m (104.6ms)[0m  [1m[35mCREATE TABLE "users" ("id" bigserial primary key, "name" character varying, "created_at" timestamp NOT NULL, "updated_at" timestamp NOT NULL)[0m
  [1m[35m (65.0ms)[0m  [1m[35mCREATE TABLE "schema_migrations" ("version" character varying NOT NULL PRIMARY KEY)[0m
  [1m[35m (1.8ms)[0m  [1m[34mSELECT "schema_migrations"."version" FROM "schema_migrations" ORDER BY "schema_migrations"."version" ASC[0m
  [1m[35m (22.1ms)[0m  [1m[32mINSERT INTO "schema_migrations" (version) VALUES (20170710184251)[0m
  [1m[35m (18.8ms)[0m  [1m[32mINSERT INTO "schema_migrations" (version) VALUES
(20170710184213),
(20170710184239);

[0m
  [1m[35m (50.5ms)[0m  [1m[35mCREATE TABLE "ar_internal_metadata" ("key" character varying NOT NULL PRIMARY KEY, "value" character varying, "created_at" timestamp NOT NULL, "updated_at" timestamp NOT NULL)[0m
  [1m[36mActiveRecord::InternalMetadata Load (1.4ms)[0m  [1m[34mSELECT  "ar_internal_metadata".* FROM "ar_internal_metadata" WHERE "ar_internal_metadata"."key" = $1 LIMIT $2[0m  [["key", "environment"], ["LIMIT", 1]]
  [1m[35m (0.5ms)[0m  [1m[35mBEGIN[0m
  [1m[35mSQL (3.4ms)[0m  [1m[32mINSERT INTO "ar_internal_metadata" ("key", "value", "created_at", "updated_at") VALUES ($1, $2, $3, $4) RETURNING "key"[0m  [["key", "environment"], ["value", "development"], ["created_at", "2021-04-15 20:39:36.296674"], ["updated_at", "2021-04-15 20:39:36.296674"]]
  [1m[35m (25.3ms)[0m  [1m[35mCOMMIT[0m
  [1m[36mActiveRecord::InternalMetadata Load (3.6ms)[0m  [1m[34mSELECT  "ar_internal_metadata".* FROM "ar_internal_metadata" WHERE "ar_internal_metadata"."key" = $1 LIMIT $2[0m  [["key", "environment"], ["LIMIT", 1]]
  [1m[35m (0.5ms)[0m  [1m[35mBEGIN[0m
  [1m[35m (1.1ms)[0m  [1m[35mCOMMIT[0m
  [1m[35m (0.7ms)[0m  [1m[35mDROP TABLE IF EXISTS "courses" CASCADE[0m
  [1m[35m (72.8ms)[0m  [1m[35mCREATE TABLE "courses" ("id" bigserial primary key, "name" character varying, "prereq_id" integer, "instructor_id" integer, "created_at" timestamp NOT NULL, "updated_at" timestamp NOT NULL)[0m
  [1m[35m (0.6ms)[0m  [1m[35mDROP TABLE IF EXISTS "enrollments" CASCADE[0m
  [1m[35m (93.2ms)[0m  [1m[35mCREATE TABLE "enrollments" ("id" bigserial primary key, "course_id" integer, "student_id" integer, "created_at" timestamp NOT NULL, "updated_at" timestamp NOT NULL)[0m
  [1m[35m (0.7ms)[0m  [1m[35mDROP TABLE IF EXISTS "users" CASCADE[0m
  [1m[35m (72.7ms)[0m  [1m[35mCREATE TABLE "users" ("id" bigserial primary key, "name" character varying, "created_at" timestamp NOT NULL, "updated_at" timestamp NOT NULL)[0m
  [1m[35m (67.2ms)[0m  [1m[35mCREATE TABLE "schema_migrations" ("version" character varying NOT NULL PRIMARY KEY)[0m
  [1m[35m (2.8ms)[0m  [1m[34mSELECT "schema_migrations"."version" FROM "schema_migrations" ORDER BY "schema_migrations"."version" ASC[0m
  [1m[35m (9.5ms)[0m  [1m[32mINSERT INTO "schema_migrations" (version) VALUES (20170710184251)[0m
  [1m[35m (9.1ms)[0m  [1m[32mINSERT INTO "schema_migrations" (version) VALUES
(20170710184213),
(20170710184239);

[0m
  [1m[35m (87.9ms)[0m  [1m[35mCREATE TABLE "ar_internal_metadata" ("key" character varying NOT NULL PRIMARY KEY, "value" character varying, "created_at" timestamp NOT NULL, "updated_at" timestamp NOT NULL)[0m
  [1m[36mActiveRecord::InternalMetadata Load (0.9ms)[0m  [1m[34mSELECT  "ar_internal_metadata".* FROM "ar_internal_metadata" WHERE "ar_internal_metadata"."key" = $1 LIMIT $2[0m  [["key", "environment"], ["LIMIT", 1]]
  [1m[35m (0.4ms)[0m  [1m[35mBEGIN[0m
  [1m[35mSQL (1.8ms)[0m  [1m[32mINSERT INTO "ar_internal_metadata" ("key", "value", "created_at", "updated_at") VALUES ($1, $2, $3, $4) RETURNING "key"[0m  [["key", "environment"], ["value", "development"], ["created_at", "2021-04-15 20:39:36.956505"], ["updated_at", "2021-04-15 20:39:36.956505"]]
  [1m[35m (11.5ms)[0m  [1m[35mCOMMIT[0m
  [1m[36mActiveRecord::InternalMetadata Load (1.0ms)[0m  [1m[34mSELECT  "ar_internal_metadata".* FROM "ar_internal_metadata" WHERE "ar_internal_metadata"."key" = $1 LIMIT $2[0m  [["key", "environment"], ["LIMIT", 1]]
  [1m[35m (0.3ms)[0m  [1m[35mBEGIN[0m
  [1m[35mSQL (1.2ms)[0m  [1m[33mUPDATE "ar_internal_metadata" SET "value" = $1, "updated_at" = $2 WHERE "ar_internal_metadata"."key" = $3[0m  [["value", "test"], ["updated_at", "2021-04-15 20:39:36.979952"], ["key", "environment"]]
  [1m[35m (8.8ms)[0m  [1m[35mCOMMIT[0m
  [1m[35m (1.2ms)[0m  [1m[34mSELECT "schema_migrations"."version" FROM "schema_migrations" ORDER BY "schema_migrations"."version" ASC[0m
  [1m[35m (1.0ms)[0m  [1m[35mBEGIN[0m
  [1m[36mUser Load (1.0ms)[0m  [1m[34mSELECT "users".* FROM "users"[0m
  [1m[35mSQL (1.0ms)[0m  [1m[32mINSERT INTO "users" ("name", "created_at", "updated_at") VALUES ($1, $2, $3) RETURNING "id"[0m  [["name", "CJ"], ["created_at", "2021-04-15 20:39:37.242108"], ["updated_at", "2021-04-15 20:39:37.242108"]]
  [1m[35mSQL (1.0ms)[0m  [1m[32mINSERT INTO "users" ("name", "created_at", "updated_at") VALUES ($1, $2, $3) RETURNING "id"[0m  [["name", "Flarnie"], ["created_at", "2021-04-15 20:39:37.245798"], ["updated_at", "2021-04-15 20:39:37.245798"]]
  [1m[35mSQL (0.8ms)[0m  [1m[32mINSERT INTO "users" ("name", "created_at", "updated_at") VALUES ($1, $2, $3) RETURNING "id"[0m  [["name", "Jeff"], ["created_at", "2021-04-15 20:39:37.249046"], ["updated_at", "2021-04-15 20:39:37.249046"]]
  [1m[35mSQL (0.9ms)[0m  [1m[32mINSERT INTO "users" ("name", "created_at", "updated_at") VALUES ($1, $2, $3) RETURNING "id"[0m  [["name", "Georges St. Pierre"], ["created_at", "2021-04-15 20:39:37.252110"], ["updated_at", "2021-04-15 20:39:37.252110"]]
  [1m[35mSQL (1.0ms)[0m  [1m[32mINSERT INTO "users" ("name", "created_at", "updated_at") VALUES ($1, $2, $3) RETURNING "id"[0m  [["name", "Ned"], ["created_at", "2021-04-15 20:39:37.256230"], ["updated_at", "2021-04-15 20:39:37.256230"]]
  [1m[36mCourse Load (1.2ms)[0m  [1m[34mSELECT "courses".* FROM "courses"[0m
  [1m[35mSQL (0.9ms)[0m  [1m[32mINSERT INTO "courses" ("name", "instructor_id", "created_at", "updated_at") VALUES ($1, $2, $3, $4) RETURNING "id"[0m  [["name", "Ruby 101"], ["instructor_id", 5], ["created_at", "2021-04-15 20:39:37.352180"], ["updated_at", "2021-04-15 20:39:37.352180"]]
  [1m[35mSQL (0.5ms)[0m  [1m[32mINSERT INTO "courses" ("name", "prereq_id", "instructor_id", "created_at", "updated_at") VALUES ($1, $2, $3, $4, $5) RETURNING "id"[0m  [["name", "Ruby 102"], ["prereq_id", 1], ["instructor_id", 5], ["created_at", "2021-04-15 20:39:37.355262"], ["updated_at", "2021-04-15 20:39:37.355262"]]
  [1m[36mEnrollment Load (1.2ms)[0m  [1m[34mSELECT "enrollments".* FROM "enrollments"[0m
  [1m[35mSQL (6.1ms)[0m  [1m[32mINSERT INTO "enrollments" ("course_id", "student_id", "created_at", "updated_at") VALUES ($1, $2, $3, $4) RETURNING "id"[0m  [["course_id", 1], ["student_id", 3], ["created_at", "2021-04-15 20:39:37.447845"], ["updated_at", "2021-04-15 20:39:37.447845"]]
  [1m[35mSQL (2.1ms)[0m  [1m[32mINSERT INTO "enrollments" ("course_id", "student_id", "created_at", "updated_at") VALUES ($1, $2, $3, $4) RETURNING "id"[0m  [["course_id", 1], ["student_id", 4], ["created_at", "2021-04-15 20:39:37.463768"], ["updated_at", "2021-04-15 20:39:37.463768"]]
  [1m[35mSQL (1.0ms)[0m  [1m[32mINSERT INTO "enrollments" ("course_id", "student_id", "created_at", "updated_at") VALUES ($1, $2, $3, $4) RETURNING "id"[0m  [["course_id", 2], ["student_id", 1], ["created_at", "2021-04-15 20:39:37.473285"], ["updated_at", "2021-04-15 20:39:37.473285"]]
  [1m[35mSQL (1.0ms)[0m  [1m[32mINSERT INTO "enrollments" ("course_id", "student_id", "created_at", "updated_at") VALUES ($1, $2, $3, $4) RETURNING "id"[0m  [["course_id", 2], ["student_id", 2], ["created_at", "2021-04-15 20:39:37.486342"], ["updated_at", "2021-04-15 20:39:37.486342"]]
  [1m[35m (16.8ms)[0m  [1m[35mCOMMIT[0m
  [1m[35m (1.6ms)[0m  [1m[34mSELECT "schema_migrations"."version" FROM "schema_migrations" ORDER BY "schema_migrations"."version" ASC[0m
  [1m[35m (1.0ms)[0m  [1m[34mSELECT "schema_migrations"."version" FROM "schema_migrations" ORDER BY "schema_migrations"."version" ASC[0m
  [1m[36mEnrollment Load (0.6ms)[0m  [1m[34mSELECT  "enrollments".* FROM "enrollments" ORDER BY "enrollments"."id" ASC LIMIT $1[0m  [["LIMIT", 1]]
  [1m[36mEnrollment Load (1.4ms)[0m  [1m[34mSELECT  "enrollments".* FROM "enrollments" ORDER BY "enrollments"."id" ASC LIMIT $1[0m  [["LIMIT", 1]]
  [1m[36mUser Load (1.3ms)[0m  [1m[34mSELECT  "users".* FROM "users" ORDER BY "users"."id" ASC LIMIT $1[0m  [["LIMIT", 1]]
  [1m[36mUser Load (1.6ms)[0m  [1m[34mSELECT "users".* FROM "users"[0m
  [1m[36mEnrollment Load (0.9ms)[0m  [1m[34mSELECT  "enrollments".* FROM "enrollments" ORDER BY "enrollments"."id" ASC LIMIT $1[0m  [["LIMIT", 1]]
  [1m[36mEnrollment Load (1.5ms)[0m  [1m[34mSELECT "enrollments".* FROM "enrollments"[0m
  [1m[36mUser Load (1.0ms)[0m  [1m[34mSELECT  "users".* FROM "users" ORDER BY "users"."id" ASC LIMIT $1[0m  [["LIMIT", 1]]
  [1m[36mUser Load (1.2ms)[0m  [1m[34mSELECT "users".* FROM "users"[0m
  [1m[36mEnrollment Load (1.8ms)[0m  [1m[34mSELECT "enrollments".* FROM "enrollments"[0m
  [1m[36mCourse Load (1.9ms)[0m  [1m[34mSELECT "courses".* FROM "courses"[0m
  [1m[36mEnrollment Load (3.0ms)[0m  [1m[34mSELECT  "enrollments".* FROM "enrollments" ORDER BY "enrollments"."id" ASC LIMIT $1[0m  [["LIMIT", 1]]
  [1m[36mEnrollment Load (0.9ms)[0m  [1m[34mSELECT  "enrollments".* FROM "enrollments" ORDER BY "enrollments"."id" ASC LIMIT $1[0m  [["LIMIT", 1]]
  [1m[36mEnrollment Load (1.0ms)[0m  [1m[34mSELECT  "enrollments".* FROM "enrollments" ORDER BY "enrollments"."id" ASC LIMIT $1[0m  [["LIMIT", 1]]
  [1m[36mUser Load (1.0ms)[0m  [1m[34mSELECT  "users".* FROM "users" ORDER BY "users"."id" ASC LIMIT $1[0m  [["LIMIT", 1]]
  [1m[36mUser Load (1.2ms)[0m  [1m[34mSELECT  "users".* FROM "users" ORDER BY "users"."id" ASC LIMIT $1[0m  [["LIMIT", 1]]
  [1m[36mUser Load (0.5ms)[0m  [1m[34mSELECT  "users".* FROM "users" ORDER BY "users"."id" ASC LIMIT $1[0m  [["LIMIT", 1]]
  [1m[36mUser Load (0.6ms)[0m  [1m[34mSELECT  "users".* FROM "users" ORDER BY "users"."id" ASC LIMIT $1[0m  [["LIMIT", 1]]
  [1m[36mEnrollment Load (0.9ms)[0m  [1m[34mSELECT "enrollments".* FROM "enrollments"[0m
  [1m[36mUser Load (0.7ms)[0m  [1m[34mSELECT  "users".* FROM "users" ORDER BY "users"."id" ASC LIMIT $1[0m  [["LIMIT", 1]]
  [1m[36mUser Load (1.0ms)[0m  [1m[34mSELECT  "users".* FROM "users" ORDER BY "users"."id" ASC LIMIT $1[0m  [["LIMIT", 1]]
  [1m[36mUser Load (1.1ms)[0m  [1m[34mSELECT  "users".* FROM "users" ORDER BY "users"."id" ASC LIMIT $1[0m  [["LIMIT", 1]]
  [1m[36mEnrollment Load (1.5ms)[0m  [1m[34mSELECT "enrollments".* FROM "enrollments"[0m
  [1m[36mUser Load (1.4ms)[0m  [1m[34mSELECT  "users".* FROM "users" ORDER BY "users"."id" ASC LIMIT $1[0m  [["LIMIT", 1]]
  [1m[36mUser Load (0.7ms)[0m  [1m[34mSELECT  "users".* FROM "users" ORDER BY "users"."id" ASC LIMIT $1[0m  [["LIMIT", 1]]
  [1m[36mUser Load (0.7ms)[0m  [1m[34mSELECT  "users".* FROM "users" ORDER BY "users"."id" ASC LIMIT $1[0m  [["LIMIT", 1]]
  [1m[36mUser Load (1.3ms)[0m  [1m[34mSELECT  "users".* FROM "users" ORDER BY "users"."id" ASC LIMIT $1[0m  [["LIMIT", 1]]
  [1m[36mEnrollment Load (0.6ms)[0m  [1m[34mSELECT "enrollments".* FROM "enrollments" WHERE "enrollments"."student_id" = $1[0m  [["student_id", 1]]
  [1m[36mEnrollment Load (1.6ms)[0m  [1m[34mSELECT  "enrollments".* FROM "enrollments" ORDER BY "enrollments"."id" ASC LIMIT $1[0m  [["LIMIT", 1]]
  [1m[36mEnrollment Load (0.7ms)[0m  [1m[34mSELECT  "enrollments".* FROM "enrollments" ORDER BY "enrollments"."id" ASC LIMIT $1[0m  [["LIMIT", 1]]
  [1m[36mUser Load (0.4ms)[0m  [1m[34mSELECT  "users".* FROM "users" WHERE "users"."id" = $1 LIMIT $2[0m  [["id", 3], ["LIMIT", 1]]
  [1m[36mEnrollment Load (1.2ms)[0m  [1m[34mSELECT  "enrollments".* FROM "enrollments" ORDER BY "enrollments"."id" ASC LIMIT $1[0m  [["LIMIT", 1]]
  [1m[36mCourse Load (0.9ms)[0m  [1m[34mSELECT  "courses".* FROM "courses" WHERE "courses"."id" = $1 LIMIT $2[0m  [["id", 1], ["LIMIT", 1]]
  [1m[36mCourse Load (0.7ms)[0m  [1m[34mSELECT  "courses".* FROM "courses" ORDER BY "courses"."id" ASC LIMIT $1[0m  [["LIMIT", 1]]
  [1m[36mCourse Load (2.3ms)[0m  [1m[34mSELECT  "courses".* FROM "courses" ORDER BY "courses"."id" ASC LIMIT $1[0m  [["LIMIT", 1]]
  [1m[36mEnrollment Load (0.6ms)[0m  [1m[34mSELECT  "enrollments".* FROM "enrollments" ORDER BY "enrollments"."id" ASC LIMIT $1[0m  [["LIMIT", 1]]
  [1m[36mCourse Load (1.2ms)[0m  [1m[34mSELECT  "courses".* FROM "courses" WHERE "courses"."id" = $1 LIMIT $2[0m  [["id", 1], ["LIMIT", 1]]
  [1m[36mCourse Load (6.3ms)[0m  [1m[34mSELECT  "courses".* FROM "courses" ORDER BY "courses"."id" ASC LIMIT $1[0m  [["LIMIT", 1]]
  [1m[36mCourse Load (1.2ms)[0m  [1m[34mSELECT "courses".* FROM "courses"[0m
  [1m[36mEnrollment Load (1.1ms)[0m  [1m[34mSELECT "enrollments".* FROM "enrollments"[0m
  [1m[36mCourse Load (2.1ms)[0m  [1m[34mSELECT  "courses".* FROM "courses" ORDER BY "courses"."id" ASC LIMIT $1[0m  [["LIMIT", 1]]
  [1m[36mEnrollment Load (2.1ms)[0m  [1m[34mSELECT "enrollments".* FROM "enrollments" WHERE "enrollments"."course_id" = $1[0m  [["course_id", 1]]
  [1m[36mUser Load (0.8ms)[0m  [1m[34mSELECT  "users".* FROM "users" ORDER BY "users"."id" ASC LIMIT $1[0m  [["LIMIT", 1]]
  [1m[36mCourse Load (1.3ms)[0m  [1m[34mSELECT "courses".* FROM "courses" INNER JOIN "enrollments" ON "courses"."id" = "enrollments"."course_id" WHERE "enrollments"."student_id" = $1[0m  [["student_id", 1]]
  [1m[36mUser Load (0.4ms)[0m  [1m[34mSELECT  "users".* FROM "users" ORDER BY "users"."id" ASC LIMIT $1[0m  [["LIMIT", 1]]
  [1m[36mUser Load (0.3ms)[0m  [1m[34mSELECT  "users".* FROM "users" ORDER BY "users"."id" ASC LIMIT $1[0m  [["LIMIT", 1]]
  [1m[35m (11.3ms)[0m  [1m[34mSELECT "schema_migrations"."version" FROM "schema_migrations" ORDER BY "schema_migrations"."version" ASC[0m
  [1m[35m (10.1ms)[0m  [1m[34mSELECT "ar_internal_metadata"."value" FROM "ar_internal_metadata" WHERE "ar_internal_metadata"."key" = $1[0m  [["key", "environment"]]
  [1m[35m (0.2ms)[0m  [1m[34mSELECT "schema_migrations"."version" FROM "schema_migrations" ORDER BY "schema_migrations"."version" ASC[0m
  [1m[35m (0.2ms)[0m  [1m[34mSELECT "ar_internal_metadata"."value" FROM "ar_internal_metadata" WHERE "ar_internal_metadata"."key" = $1[0m  [["key", "environment"]]
  [1m[35m (0.2ms)[0m  [1m[34mSELECT "schema_migrations"."version" FROM "schema_migrations" ORDER BY "schema_migrations"."version" ASC[0m
  [1m[35m (0.2ms)[0m  [1m[34mSELECT "ar_internal_metadata"."value" FROM "ar_internal_metadata" WHERE "ar_internal_metadata"."key" = $1[0m  [["key", "environment"]]
  [1m[35m (176.1ms)[0m  [1m[35mDROP DATABASE IF EXISTS "associations_exercise_development"[0m
  [1m[35m (177.3ms)[0m  [1m[35mDROP DATABASE IF EXISTS "associations_exercise_test"[0m
  [1m[35m (1995.4ms)[0m  [1m[35mCREATE DATABASE "associations_exercise_development" ENCODING = 'utf8'[0m
  [1m[35m (1612.5ms)[0m  [1m[35mCREATE DATABASE "associations_exercise_test" ENCODING = 'utf8'[0m
  [1m[35m (0.3ms)[0m  [1m[35mDROP TABLE IF EXISTS "courses" CASCADE[0m
  [1m[35m (14.6ms)[0m  [1m[35mCREATE TABLE "courses" ("id" bigserial primary key, "name" character varying, "prereq_id" integer, "instructor_id" integer, "created_at" timestamp NOT NULL, "updated_at" timestamp NOT NULL)[0m
  [1m[35m (0.7ms)[0m  [1m[35mDROP TABLE IF EXISTS "enrollments" CASCADE[0m
  [1m[35m (5.4ms)[0m  [1m[35mCREATE TABLE "enrollments" ("id" bigserial primary key, "course_id" integer, "student_id" integer, "created_at" timestamp NOT NULL, "updated_at" timestamp NOT NULL)[0m
  [1m[35m (0.8ms)[0m  [1m[35mDROP TABLE IF EXISTS "users" CASCADE[0m
  [1m[35m (10.5ms)[0m  [1m[35mCREATE TABLE "users" ("id" bigserial primary key, "name" character varying, "created_at" timestamp NOT NULL, "updated_at" timestamp NOT NULL)[0m
  [1m[35m (9.1ms)[0m  [1m[35mCREATE TABLE "schema_migrations" ("version" character varying NOT NULL PRIMARY KEY)[0m
  [1m[35m (5.7ms)[0m  [1m[34mSELECT "schema_migrations"."version" FROM "schema_migrations" ORDER BY "schema_migrations"."version" ASC[0m
  [1m[35m (0.8ms)[0m  [1m[32mINSERT INTO "schema_migrations" (version) VALUES (20170710184251)[0m
  [1m[35m (0.3ms)[0m  [1m[32mINSERT INTO "schema_migrations" (version) VALUES
(20170710184213),
(20170710184239);

[0m
  [1m[35m (7.5ms)[0m  [1m[35mCREATE TABLE "ar_internal_metadata" ("key" character varying NOT NULL PRIMARY KEY, "value" character varying, "created_at" timestamp NOT NULL, "updated_at" timestamp NOT NULL)[0m
  [1m[36mActiveRecord::InternalMetadata Load (6.9ms)[0m  [1m[34mSELECT  "ar_internal_metadata".* FROM "ar_internal_metadata" WHERE "ar_internal_metadata"."key" = $1 LIMIT $2[0m  [["key", "environment"], ["LIMIT", 1]]
  [1m[35m (0.2ms)[0m  [1m[35mBEGIN[0m
  [1m[35mSQL (0.8ms)[0m  [1m[32mINSERT INTO "ar_internal_metadata" ("key", "value", "created_at", "updated_at") VALUES ($1, $2, $3, $4) RETURNING "key"[0m  [["key", "environment"], ["value", "development"], ["created_at", "2021-04-15 21:59:03.537335"], ["updated_at", "2021-04-15 21:59:03.537335"]]
  [1m[35m (0.5ms)[0m  [1m[35mCOMMIT[0m
  [1m[36mActiveRecord::InternalMetadata Load (0.3ms)[0m  [1m[34mSELECT  "ar_internal_metadata".* FROM "ar_internal_metadata" WHERE "ar_internal_metadata"."key" = $1 LIMIT $2[0m  [["key", "environment"], ["LIMIT", 1]]
  [1m[35m (0.2ms)[0m  [1m[35mBEGIN[0m
  [1m[35m (0.2ms)[0m  [1m[35mCOMMIT[0m
  [1m[35m (0.5ms)[0m  [1m[35mDROP TABLE IF EXISTS "courses" CASCADE[0m
  [1m[35m (13.9ms)[0m  [1m[35mCREATE TABLE "courses" ("id" bigserial primary key, "name" character varying, "prereq_id" integer, "instructor_id" integer, "created_at" timestamp NOT NULL, "updated_at" timestamp NOT NULL)[0m
  [1m[35m (0.8ms)[0m  [1m[35mDROP TABLE IF EXISTS "enrollments" CASCADE[0m
  [1m[35m (9.5ms)[0m  [1m[35mCREATE TABLE "enrollments" ("id" bigserial primary key, "course_id" integer, "student_id" integer, "created_at" timestamp NOT NULL, "updated_at" timestamp NOT NULL)[0m
  [1m[35m (0.9ms)[0m  [1m[35mDROP TABLE IF EXISTS "users" CASCADE[0m
  [1m[35m (13.1ms)[0m  [1m[35mCREATE TABLE "users" ("id" bigserial primary key, "name" character varying, "created_at" timestamp NOT NULL, "updated_at" timestamp NOT NULL)[0m
  [1m[35m (7.1ms)[0m  [1m[35mCREATE TABLE "schema_migrations" ("version" character varying NOT NULL PRIMARY KEY)[0m
  [1m[35m (6.2ms)[0m  [1m[34mSELECT "schema_migrations"."version" FROM "schema_migrations" ORDER BY "schema_migrations"."version" ASC[0m
  [1m[35m (0.7ms)[0m  [1m[32mINSERT INTO "schema_migrations" (version) VALUES (20170710184251)[0m
  [1m[35m (0.4ms)[0m  [1m[32mINSERT INTO "schema_migrations" (version) VALUES
(20170710184213),
(20170710184239);

[0m
  [1m[35m (6.8ms)[0m  [1m[35mCREATE TABLE "ar_internal_metadata" ("key" character varying NOT NULL PRIMARY KEY, "value" character varying, "created_at" timestamp NOT NULL, "updated_at" timestamp NOT NULL)[0m
  [1m[36mActiveRecord::InternalMetadata Load (8.3ms)[0m  [1m[34mSELECT  "ar_internal_metadata".* FROM "ar_internal_metadata" WHERE "ar_internal_metadata"."key" = $1 LIMIT $2[0m  [["key", "environment"], ["LIMIT", 1]]
  [1m[35m (0.3ms)[0m  [1m[35mBEGIN[0m
  [1m[35mSQL (0.9ms)[0m  [1m[32mINSERT INTO "ar_internal_metadata" ("key", "value", "created_at", "updated_at") VALUES ($1, $2, $3, $4) RETURNING "key"[0m  [["key", "environment"], ["value", "development"], ["created_at", "2021-04-15 21:59:03.664699"], ["updated_at", "2021-04-15 21:59:03.664699"]]
  [1m[35m (0.5ms)[0m  [1m[35mCOMMIT[0m
  [1m[36mActiveRecord::InternalMetadata Load (0.3ms)[0m  [1m[34mSELECT  "ar_internal_metadata".* FROM "ar_internal_metadata" WHERE "ar_internal_metadata"."key" = $1 LIMIT $2[0m  [["key", "environment"], ["LIMIT", 1]]
  [1m[35m (0.1ms)[0m  [1m[35mBEGIN[0m
  [1m[35mSQL (0.6ms)[0m  [1m[33mUPDATE "ar_internal_metadata" SET "value" = $1, "updated_at" = $2 WHERE "ar_internal_metadata"."key" = $3[0m  [["value", "test"], ["updated_at", "2021-04-15 21:59:03.669283"], ["key", "environment"]]
  [1m[35m (0.5ms)[0m  [1m[35mCOMMIT[0m
  [1m[35m (13.2ms)[0m  [1m[34mSELECT "schema_migrations"."version" FROM "schema_migrations" ORDER BY "schema_migrations"."version" ASC[0m
  [1m[35m (0.2ms)[0m  [1m[35mBEGIN[0m
  [1m[36mUser Load (6.0ms)[0m  [1m[34mSELECT "users".* FROM "users"[0m
  [1m[35mSQL (1.2ms)[0m  [1m[32mINSERT INTO "users" ("name", "created_at", "updated_at") VALUES ($1, $2, $3) RETURNING "id"[0m  [["name", "CJ"], ["created_at", "2021-04-15 21:59:03.786285"], ["updated_at", "2021-04-15 21:59:03.786285"]]
  [1m[35mSQL (0.2ms)[0m  [1m[32mINSERT INTO "users" ("name", "created_at", "updated_at") VALUES ($1, $2, $3) RETURNING "id"[0m  [["name", "Flarnie"], ["created_at", "2021-04-15 21:59:03.788448"], ["updated_at", "2021-04-15 21:59:03.788448"]]
  [1m[35mSQL (0.2ms)[0m  [1m[32mINSERT INTO "users" ("name", "created_at", "updated_at") VALUES ($1, $2, $3) RETURNING "id"[0m  [["name", "Jeff"], ["created_at", "2021-04-15 21:59:03.789351"], ["updated_at", "2021-04-15 21:59:03.789351"]]
  [1m[35mSQL (0.2ms)[0m  [1m[32mINSERT INTO "users" ("name", "created_at", "updated_at") VALUES ($1, $2, $3) RETURNING "id"[0m  [["name", "Georges St. Pierre"], ["created_at", "2021-04-15 21:59:03.790088"], ["updated_at", "2021-04-15 21:59:03.790088"]]
  [1m[35mSQL (0.2ms)[0m  [1m[32mINSERT INTO "users" ("name", "created_at", "updated_at") VALUES ($1, $2, $3) RETURNING "id"[0m  [["name", "Ned"], ["created_at", "2021-04-15 21:59:03.790849"], ["updated_at", "2021-04-15 21:59:03.790849"]]
  [1m[36mCourse Load (6.1ms)[0m  [1m[34mSELECT "courses".* FROM "courses"[0m
  [1m[35mSQL (0.7ms)[0m  [1m[32mINSERT INTO "courses" ("name", "instructor_id", "created_at", "updated_at") VALUES ($1, $2, $3, $4) RETURNING "id"[0m  [["name", "Ruby 101"], ["instructor_id", 5], ["created_at", "2021-04-15 21:59:03.808787"], ["updated_at", "2021-04-15 21:59:03.808787"]]
  [1m[35mSQL (0.2ms)[0m  [1m[32mINSERT INTO "courses" ("name", "prereq_id", "instructor_id", "created_at", "updated_at") VALUES ($1, $2, $3, $4, $5) RETURNING "id"[0m  [["name", "Ruby 102"], ["prereq_id", 1], ["instructor_id", 5], ["created_at", "2021-04-15 21:59:03.810255"], ["updated_at", "2021-04-15 21:59:03.810255"]]
  [1m[36mEnrollment Load (6.5ms)[0m  [1m[34mSELECT "enrollments".* FROM "enrollments"[0m
  [1m[36mUser Load (0.3ms)[0m  [1m[34mSELECT  "users".* FROM "users" WHERE "users"."id" = $1 LIMIT $2[0m  [["id", 3], ["LIMIT", 1]]
  [1m[36mCourse Load (0.2ms)[0m  [1m[34mSELECT  "courses".* FROM "courses" WHERE "courses"."id" = $1 LIMIT $2[0m  [["id", 1], ["LIMIT", 1]]
  [1m[35m (0.2ms)[0m  [1m[31mROLLBACK[0m
  [1m[35m (0.5ms)[0m  [1m[34mSELECT "schema_migrations"."version" FROM "schema_migrations" ORDER BY "schema_migrations"."version" ASC[0m
  [1m[35m (6.6ms)[0m  [1m[34mSELECT "ar_internal_metadata"."value" FROM "ar_internal_metadata" WHERE "ar_internal_metadata"."key" = $1[0m  [["key", "environment"]]
  [1m[35m (0.2ms)[0m  [1m[34mSELECT "schema_migrations"."version" FROM "schema_migrations" ORDER BY "schema_migrations"."version" ASC[0m
  [1m[35m (0.2ms)[0m  [1m[34mSELECT "ar_internal_metadata"."value" FROM "ar_internal_metadata" WHERE "ar_internal_metadata"."key" = $1[0m  [["key", "environment"]]
  [1m[35m (0.2ms)[0m  [1m[34mSELECT "schema_migrations"."version" FROM "schema_migrations" ORDER BY "schema_migrations"."version" ASC[0m
  [1m[35m (0.2ms)[0m  [1m[34mSELECT "ar_internal_metadata"."value" FROM "ar_internal_metadata" WHERE "ar_internal_metadata"."key" = $1[0m  [["key", "environment"]]
  [1m[35m (30.6ms)[0m  [1m[35mDROP TABLE IF EXISTS "courses" CASCADE[0m
  [1m[35m (17.4ms)[0m  [1m[35mCREATE TABLE "courses" ("id" bigserial primary key, "name" character varying, "prereq_id" integer, "instructor_id" integer, "created_at" timestamp NOT NULL, "updated_at" timestamp NOT NULL)[0m
  [1m[35m (4.1ms)[0m  [1m[35mDROP TABLE IF EXISTS "enrollments" CASCADE[0m
  [1m[35m (5.4ms)[0m  [1m[35mCREATE TABLE "enrollments" ("id" bigserial primary key, "course_id" integer, "student_id" integer, "created_at" timestamp NOT NULL, "updated_at" timestamp NOT NULL)[0m
  [1m[35m (19.7ms)[0m  [1m[35mDROP TABLE IF EXISTS "users" CASCADE[0m
  [1m[35m (9.9ms)[0m  [1m[35mCREATE TABLE "users" ("id" bigserial primary key, "name" character varying, "created_at" timestamp NOT NULL, "updated_at" timestamp NOT NULL)[0m
  [1m[35m (0.6ms)[0m  [1m[34mSELECT "schema_migrations"."version" FROM "schema_migrations" ORDER BY "schema_migrations"."version" ASC[0m
  [1m[36mActiveRecord::InternalMetadata Load (0.4ms)[0m  [1m[34mSELECT  "ar_internal_metadata".* FROM "ar_internal_metadata" WHERE "ar_internal_metadata"."key" = $1 LIMIT $2[0m  [["key", "environment"], ["LIMIT", 1]]
  [1m[35m (0.3ms)[0m  [1m[35mBEGIN[0m
  [1m[35m (0.3ms)[0m  [1m[35mCOMMIT[0m
  [1m[36mActiveRecord::InternalMetadata Load (0.4ms)[0m  [1m[34mSELECT  "ar_internal_metadata".* FROM "ar_internal_metadata" WHERE "ar_internal_metadata"."key" = $1 LIMIT $2[0m  [["key", "environment"], ["LIMIT", 1]]
  [1m[35m (0.1ms)[0m  [1m[35mBEGIN[0m
  [1m[35m (0.1ms)[0m  [1m[35mCOMMIT[0m
  [1m[35m (20.7ms)[0m  [1m[35mDROP TABLE IF EXISTS "courses" CASCADE[0m
  [1m[35m (31.3ms)[0m  [1m[35mCREATE TABLE "courses" ("id" bigserial primary key, "name" character varying, "prereq_id" integer, "instructor_id" integer, "created_at" timestamp NOT NULL, "updated_at" timestamp NOT NULL)[0m
  [1m[35m (12.0ms)[0m  [1m[35mDROP TABLE IF EXISTS "enrollments" CASCADE[0m
  [1m[35m (6.7ms)[0m  [1m[35mCREATE TABLE "enrollments" ("id" bigserial primary key, "course_id" integer, "student_id" integer, "created_at" timestamp NOT NULL, "updated_at" timestamp NOT NULL)[0m
  [1m[35m (20.0ms)[0m  [1m[35mDROP TABLE IF EXISTS "users" CASCADE[0m
  [1m[35m (11.1ms)[0m  [1m[35mCREATE TABLE "users" ("id" bigserial primary key, "name" character varying, "created_at" timestamp NOT NULL, "updated_at" timestamp NOT NULL)[0m
  [1m[35m (9.8ms)[0m  [1m[34mSELECT "schema_migrations"."version" FROM "schema_migrations" ORDER BY "schema_migrations"."version" ASC[0m
  [1m[36mActiveRecord::InternalMetadata Load (11.4ms)[0m  [1m[34mSELECT  "ar_internal_metadata".* FROM "ar_internal_metadata" WHERE "ar_internal_metadata"."key" = $1 LIMIT $2[0m  [["key", "environment"], ["LIMIT", 1]]
  [1m[35m (0.2ms)[0m  [1m[35mBEGIN[0m
  [1m[35mSQL (0.5ms)[0m  [1m[33mUPDATE "ar_internal_metadata" SET "value" = $1, "updated_at" = $2 WHERE "ar_internal_metadata"."key" = $3[0m  [["value", "development"], ["updated_at", "2021-04-15 21:59:42.102771"], ["key", "environment"]]
  [1m[35m (0.3ms)[0m  [1m[35mCOMMIT[0m
  [1m[36mActiveRecord::InternalMetadata Load (0.2ms)[0m  [1m[34mSELECT  "ar_internal_metadata".* FROM "ar_internal_metadata" WHERE "ar_internal_metadata"."key" = $1 LIMIT $2[0m  [["key", "environment"], ["LIMIT", 1]]
  [1m[35m (0.1ms)[0m  [1m[35mBEGIN[0m
  [1m[35mSQL (0.3ms)[0m  [1m[33mUPDATE "ar_internal_metadata" SET "value" = $1, "updated_at" = $2 WHERE "ar_internal_metadata"."key" = $3[0m  [["value", "test"], ["updated_at", "2021-04-15 21:59:42.106385"], ["key", "environment"]]
  [1m[35m (0.5ms)[0m  [1m[35mCOMMIT[0m
  [1m[35m (0.9ms)[0m  [1m[34mSELECT "schema_migrations"."version" FROM "schema_migrations" ORDER BY "schema_migrations"."version" ASC[0m
  [1m[35m (0.2ms)[0m  [1m[35mBEGIN[0m
  [1m[36mUser Load (6.5ms)[0m  [1m[34mSELECT "users".* FROM "users"[0m
  [1m[35mSQL (0.8ms)[0m  [1m[32mINSERT INTO "users" ("name", "created_at", "updated_at") VALUES ($1, $2, $3) RETURNING "id"[0m  [["name", "CJ"], ["created_at", "2021-04-15 21:59:42.179379"], ["updated_at", "2021-04-15 21:59:42.179379"]]
  [1m[35mSQL (0.5ms)[0m  [1m[32mINSERT INTO "users" ("name", "created_at", "updated_at") VALUES ($1, $2, $3) RETURNING "id"[0m  [["name", "Flarnie"], ["created_at", "2021-04-15 21:59:42.181036"], ["updated_at", "2021-04-15 21:59:42.181036"]]
  [1m[35mSQL (0.3ms)[0m  [1m[32mINSERT INTO "users" ("name", "created_at", "updated_at") VALUES ($1, $2, $3) RETURNING "id"[0m  [["name", "Jeff"], ["created_at", "2021-04-15 21:59:42.182606"], ["updated_at", "2021-04-15 21:59:42.182606"]]
  [1m[35mSQL (0.2ms)[0m  [1m[32mINSERT INTO "users" ("name", "created_at", "updated_at") VALUES ($1, $2, $3) RETURNING "id"[0m  [["name", "Georges St. Pierre"], ["created_at", "2021-04-15 21:59:42.183740"], ["updated_at", "2021-04-15 21:59:42.183740"]]
  [1m[35mSQL (0.2ms)[0m  [1m[32mINSERT INTO "users" ("name", "created_at", "updated_at") VALUES ($1, $2, $3) RETURNING "id"[0m  [["name", "Ned"], ["created_at", "2021-04-15 21:59:42.184492"], ["updated_at", "2021-04-15 21:59:42.184492"]]
  [1m[36mCourse Load (7.2ms)[0m  [1m[34mSELECT "courses".* FROM "courses"[0m
  [1m[35mSQL (0.9ms)[0m  [1m[32mINSERT INTO "courses" ("name", "instructor_id", "created_at", "updated_at") VALUES ($1, $2, $3, $4) RETURNING "id"[0m  [["name", "Ruby 101"], ["instructor_id", 5], ["created_at", "2021-04-15 21:59:42.202045"], ["updated_at", "2021-04-15 21:59:42.202045"]]
  [1m[35mSQL (0.3ms)[0m  [1m[32mINSERT INTO "courses" ("name", "prereq_id", "instructor_id", "created_at", "updated_at") VALUES ($1, $2, $3, $4, $5) RETURNING "id"[0m  [["name", "Ruby 102"], ["prereq_id", 1], ["instructor_id", 5], ["created_at", "2021-04-15 21:59:42.204579"], ["updated_at", "2021-04-15 21:59:42.204579"]]
  [1m[36mEnrollment Load (5.5ms)[0m  [1m[34mSELECT "enrollments".* FROM "enrollments"[0m
  [1m[36mUser Load (0.3ms)[0m  [1m[34mSELECT  "users".* FROM "users" WHERE "users"."id" = $1 LIMIT $2[0m  [["id", 3], ["LIMIT", 1]]
  [1m[36mCourse Load (0.3ms)[0m  [1m[34mSELECT  "courses".* FROM "courses" WHERE "courses"."id" = $1 LIMIT $2[0m  [["id", 1], ["LIMIT", 1]]
  [1m[35m (0.2ms)[0m  [1m[31mROLLBACK[0m
  [1m[35m (0.6ms)[0m  [1m[34mSELECT "schema_migrations"."version" FROM "schema_migrations" ORDER BY "schema_migrations"."version" ASC[0m
  [1m[35m (0.5ms)[0m  [1m[34mSELECT "ar_internal_metadata"."value" FROM "ar_internal_metadata" WHERE "ar_internal_metadata"."key" = $1[0m  [["key", "environment"]]
  [1m[35m (0.2ms)[0m  [1m[34mSELECT "schema_migrations"."version" FROM "schema_migrations" ORDER BY "schema_migrations"."version" ASC[0m
  [1m[35m (0.1ms)[0m  [1m[34mSELECT "ar_internal_metadata"."value" FROM "ar_internal_metadata" WHERE "ar_internal_metadata"."key" = $1[0m  [["key", "environment"]]
  [1m[35m (0.2ms)[0m  [1m[34mSELECT "schema_migrations"."version" FROM "schema_migrations" ORDER BY "schema_migrations"."version" ASC[0m
  [1m[35m (0.2ms)[0m  [1m[34mSELECT "ar_internal_metadata"."value" FROM "ar_internal_metadata" WHERE "ar_internal_metadata"."key" = $1[0m  [["key", "environment"]]
  [1m[35m (20.4ms)[0m  [1m[35mDROP TABLE IF EXISTS "courses" CASCADE[0m
  [1m[35m (13.4ms)[0m  [1m[35mCREATE TABLE "courses" ("id" bigserial primary key, "name" character varying, "prereq_id" integer, "instructor_id" integer, "created_at" timestamp NOT NULL, "updated_at" timestamp NOT NULL)[0m
  [1m[35m (4.5ms)[0m  [1m[35mDROP TABLE IF EXISTS "enrollments" CASCADE[0m
  [1m[35m (5.2ms)[0m  [1m[35mCREATE TABLE "enrollments" ("id" bigserial primary key, "course_id" integer, "student_id" integer, "created_at" timestamp NOT NULL, "updated_at" timestamp NOT NULL)[0m
  [1m[35m (20.6ms)[0m  [1m[35mDROP TABLE IF EXISTS "users" CASCADE[0m
  [1m[35m (10.6ms)[0m  [1m[35mCREATE TABLE "users" ("id" bigserial primary key, "name" character varying, "created_at" timestamp NOT NULL, "updated_at" timestamp NOT NULL)[0m
  [1m[35m (0.6ms)[0m  [1m[34mSELECT "schema_migrations"."version" FROM "schema_migrations" ORDER BY "schema_migrations"."version" ASC[0m
  [1m[36mActiveRecord::InternalMetadata Load (0.4ms)[0m  [1m[34mSELECT  "ar_internal_metadata".* FROM "ar_internal_metadata" WHERE "ar_internal_metadata"."key" = $1 LIMIT $2[0m  [["key", "environment"], ["LIMIT", 1]]
  [1m[35m (0.2ms)[0m  [1m[35mBEGIN[0m
  [1m[35m (0.2ms)[0m  [1m[35mCOMMIT[0m
  [1m[36mActiveRecord::InternalMetadata Load (0.3ms)[0m  [1m[34mSELECT  "ar_internal_metadata".* FROM "ar_internal_metadata" WHERE "ar_internal_metadata"."key" = $1 LIMIT $2[0m  [["key", "environment"], ["LIMIT", 1]]
  [1m[35m (0.2ms)[0m  [1m[35mBEGIN[0m
  [1m[35m (0.2ms)[0m  [1m[35mCOMMIT[0m
  [1m[35m (13.5ms)[0m  [1m[35mDROP TABLE IF EXISTS "courses" CASCADE[0m
  [1m[35m (19.9ms)[0m  [1m[35mCREATE TABLE "courses" ("id" bigserial primary key, "name" character varying, "prereq_id" integer, "instructor_id" integer, "created_at" timestamp NOT NULL, "updated_at" timestamp NOT NULL)[0m
  [1m[35m (8.5ms)[0m  [1m[35mDROP TABLE IF EXISTS "enrollments" CASCADE[0m
  [1m[35m (6.1ms)[0m  [1m[35mCREATE TABLE "enrollments" ("id" bigserial primary key, "course_id" integer, "student_id" integer, "created_at" timestamp NOT NULL, "updated_at" timestamp NOT NULL)[0m
  [1m[35m (23.3ms)[0m  [1m[35mDROP TABLE IF EXISTS "users" CASCADE[0m
  [1m[35m (15.2ms)[0m  [1m[35mCREATE TABLE "users" ("id" bigserial primary key, "name" character varying, "created_at" timestamp NOT NULL, "updated_at" timestamp NOT NULL)[0m
  [1m[35m (0.6ms)[0m  [1m[34mSELECT "schema_migrations"."version" FROM "schema_migrations" ORDER BY "schema_migrations"."version" ASC[0m
  [1m[36mActiveRecord::InternalMetadata Load (0.3ms)[0m  [1m[34mSELECT  "ar_internal_metadata".* FROM "ar_internal_metadata" WHERE "ar_internal_metadata"."key" = $1 LIMIT $2[0m  [["key", "environment"], ["LIMIT", 1]]
  [1m[35m (0.1ms)[0m  [1m[35mBEGIN[0m
  [1m[35mSQL (0.3ms)[0m  [1m[33mUPDATE "ar_internal_metadata" SET "value" = $1, "updated_at" = $2 WHERE "ar_internal_metadata"."key" = $3[0m  [["value", "development"], ["updated_at", "2021-04-15 22:02:21.891333"], ["key", "environment"]]
  [1m[35m (0.3ms)[0m  [1m[35mCOMMIT[0m
  [1m[36mActiveRecord::InternalMetadata Load (0.3ms)[0m  [1m[34mSELECT  "ar_internal_metadata".* FROM "ar_internal_metadata" WHERE "ar_internal_metadata"."key" = $1 LIMIT $2[0m  [["key", "environment"], ["LIMIT", 1]]
  [1m[35m (0.1ms)[0m  [1m[35mBEGIN[0m
  [1m[35mSQL (0.4ms)[0m  [1m[33mUPDATE "ar_internal_metadata" SET "value" = $1, "updated_at" = $2 WHERE "ar_internal_metadata"."key" = $3[0m  [["value", "test"], ["updated_at", "2021-04-15 22:02:21.894329"], ["key", "environment"]]
  [1m[35m (0.5ms)[0m  [1m[35mCOMMIT[0m
  [1m[35m (0.7ms)[0m  [1m[34mSELECT "schema_migrations"."version" FROM "schema_migrations" ORDER BY "schema_migrations"."version" ASC[0m
  [1m[35m (0.2ms)[0m  [1m[35mBEGIN[0m
  [1m[36mUser Load (8.0ms)[0m  [1m[34mSELECT "users".* FROM "users"[0m
  [1m[35mSQL (0.9ms)[0m  [1m[32mINSERT INTO "users" ("name", "created_at", "updated_at") VALUES ($1, $2, $3) RETURNING "id"[0m  [["name", "CJ"], ["created_at", "2021-04-15 22:02:21.975174"], ["updated_at", "2021-04-15 22:02:21.975174"]]
  [1m[35mSQL (0.4ms)[0m  [1m[32mINSERT INTO "users" ("name", "created_at", "updated_at") VALUES ($1, $2, $3) RETURNING "id"[0m  [["name", "Flarnie"], ["created_at", "2021-04-15 22:02:21.977155"], ["updated_at", "2021-04-15 22:02:21.977155"]]
  [1m[35mSQL (0.3ms)[0m  [1m[32mINSERT INTO "users" ("name", "created_at", "updated_at") VALUES ($1, $2, $3) RETURNING "id"[0m  [["name", "Jeff"], ["created_at", "2021-04-15 22:02:21.978363"], ["updated_at", "2021-04-15 22:02:21.978363"]]
  [1m[35mSQL (0.3ms)[0m  [1m[32mINSERT INTO "users" ("name", "created_at", "updated_at") VALUES ($1, $2, $3) RETURNING "id"[0m  [["name", "Georges St. Pierre"], ["created_at", "2021-04-15 22:02:21.979492"], ["updated_at", "2021-04-15 22:02:21.979492"]]
  [1m[35mSQL (0.2ms)[0m  [1m[32mINSERT INTO "users" ("name", "created_at", "updated_at") VALUES ($1, $2, $3) RETURNING "id"[0m  [["name", "Ned"], ["created_at", "2021-04-15 22:02:21.980342"], ["updated_at", "2021-04-15 22:02:21.980342"]]
  [1m[36mCourse Load (5.9ms)[0m  [1m[34mSELECT "courses".* FROM "courses"[0m
  [1m[35mSQL (0.8ms)[0m  [1m[32mINSERT INTO "courses" ("name", "instructor_id", "created_at", "updated_at") VALUES ($1, $2, $3, $4) RETURNING "id"[0m  [["name", "Ruby 101"], ["instructor_id", 5], ["created_at", "2021-04-15 22:02:21.999221"], ["updated_at", "2021-04-15 22:02:21.999221"]]
  [1m[35mSQL (0.3ms)[0m  [1m[32mINSERT INTO "courses" ("name", "prereq_id", "instructor_id", "created_at", "updated_at") VALUES ($1, $2, $3, $4, $5) RETURNING "id"[0m  [["name", "Ruby 102"], ["prereq_id", 1], ["instructor_id", 5], ["created_at", "2021-04-15 22:02:22.001274"], ["updated_at", "2021-04-15 22:02:22.001274"]]
  [1m[36mEnrollment Load (6.3ms)[0m  [1m[34mSELECT "enrollments".* FROM "enrollments"[0m
  [1m[36mUser Load (0.3ms)[0m  [1m[34mSELECT  "users".* FROM "users" WHERE "users"."id" = $1 LIMIT $2[0m  [["id", 3], ["LIMIT", 1]]
  [1m[36mCourse Load (0.3ms)[0m  [1m[34mSELECT  "courses".* FROM "courses" WHERE "courses"."id" = $1 LIMIT $2[0m  [["id", 1], ["LIMIT", 1]]
  [1m[35mSQL (0.7ms)[0m  [1m[32mINSERT INTO "enrollments" ("course_id", "student_id", "created_at", "updated_at") VALUES ($1, $2, $3, $4) RETURNING "id"[0m  [["course_id", 1], ["student_id", 3], ["created_at", "2021-04-15 22:02:22.055691"], ["updated_at", "2021-04-15 22:02:22.055691"]]
  [1m[36mUser Load (0.2ms)[0m  [1m[34mSELECT  "users".* FROM "users" WHERE "users"."id" = $1 LIMIT $2[0m  [["id", 4], ["LIMIT", 1]]
  [1m[36mCourse Load (0.2ms)[0m  [1m[34mSELECT  "courses".* FROM "courses" WHERE "courses"."id" = $1 LIMIT $2[0m  [["id", 1], ["LIMIT", 1]]
  [1m[35mSQL (0.2ms)[0m  [1m[32mINSERT INTO "enrollments" ("course_id", "student_id", "created_at", "updated_at") VALUES ($1, $2, $3, $4) RETURNING "id"[0m  [["course_id", 1], ["student_id", 4], ["created_at", "2021-04-15 22:02:22.058386"], ["updated_at", "2021-04-15 22:02:22.058386"]]
  [1m[36mUser Load (0.2ms)[0m  [1m[34mSELECT  "users".* FROM "users" WHERE "users"."id" = $1 LIMIT $2[0m  [["id", 1], ["LIMIT", 1]]
  [1m[36mCourse Load (0.2ms)[0m  [1m[34mSELECT  "courses".* FROM "courses" WHERE "courses"."id" = $1 LIMIT $2[0m  [["id", 2], ["LIMIT", 1]]
  [1m[35mSQL (0.2ms)[0m  [1m[32mINSERT INTO "enrollments" ("course_id", "student_id", "created_at", "updated_at") VALUES ($1, $2, $3, $4) RETURNING "id"[0m  [["course_id", 2], ["student_id", 1], ["created_at", "2021-04-15 22:02:22.060478"], ["updated_at", "2021-04-15 22:02:22.060478"]]
  [1m[36mUser Load (0.3ms)[0m  [1m[34mSELECT  "users".* FROM "users" WHERE "users"."id" = $1 LIMIT $2[0m  [["id", 2], ["LIMIT", 1]]
  [1m[36mCourse Load (0.3ms)[0m  [1m[34mSELECT  "courses".* FROM "courses" WHERE "courses"."id" = $1 LIMIT $2[0m  [["id", 2], ["LIMIT", 1]]
  [1m[35mSQL (0.3ms)[0m  [1m[32mINSERT INTO "enrollments" ("course_id", "student_id", "created_at", "updated_at") VALUES ($1, $2, $3, $4) RETURNING "id"[0m  [["course_id", 2], ["student_id", 2], ["created_at", "2021-04-15 22:02:22.062862"], ["updated_at", "2021-04-15 22:02:22.062862"]]
  [1m[35m (3.2ms)[0m  [1m[35mCOMMIT[0m
  [1m[36mUser Load (6.4ms)[0m  [1m[34mSELECT  "users".* FROM "users" ORDER BY "users"."id" ASC LIMIT $1[0m  [["LIMIT", 1]]
  [1m[36mEnrollment Load (6.5ms)[0m  [1m[34mSELECT "enrollments".* FROM "enrollments" WHERE "enrollments"."student_id" = $1[0m  [["student_id", 1]]
  [1m[36mCourse Load (10.6ms)[0m  [1m[34mSELECT  "courses".* FROM "courses" ORDER BY "courses"."id" ASC LIMIT $1[0m  [["LIMIT", 1]]
  [1m[36mUser Load (0.5ms)[0m  [1m[34mSELECT "users".* FROM "users" INNER JOIN "enrollments" ON "users"."id" = "enrollments"."student_id" WHERE "enrollments"."course_id" = $1[0m  [["course_id", 1]]
  [1m[36mCourse Load (0.8ms)[0m  [1m[34mSELECT "courses".* FROM "courses"[0m
  [1m[36mCourse Load (0.5ms)[0m  [1m[34mSELECT "courses".* FROM "courses"[0m
  [1m[36mCourse Load (0.5ms)[0m  [1m[34mSELECT "courses".* FROM "courses"[0m
  [1m[36mCourse Load (0.2ms)[0m  [1m[34mSELECT  "courses".* FROM "courses" ORDER BY "courses"."id" DESC LIMIT $1[0m  [["LIMIT", 1]]
  [1m[36mCourse Load (0.3ms)[0m  [1m[34mSELECT  "courses".* FROM "courses" WHERE "courses"."id" = $1 LIMIT $2[0m  [["id", 1], ["LIMIT", 1]]
  [1m[36mCourse Load (0.6ms)[0m  [1m[34mSELECT "courses".* FROM "courses"[0m
  [1m[36mCourse Load (0.4ms)[0m  [1m[34mSELECT  "courses".* FROM "courses" WHERE "courses"."id" = $1 LIMIT $2[0m  [["id", 1], ["LIMIT", 1]]
  [1m[36mCourse Load (0.4ms)[0m  [1m[34mSELECT  "courses".* FROM "courses" ORDER BY "courses"."id" ASC LIMIT $1[0m  [["LIMIT", 1]]
  [1m[36mCourse Load (0.3ms)[0m  [1m[34mSELECT  "courses".* FROM "courses" WHERE "courses"."id" IS NULL LIMIT $1[0m  [["LIMIT", 1]]
  [1m[36mCourse Load (0.3ms)[0m  [1m[34mSELECT "courses".* FROM "courses"[0m
  [1m[36mCourse Load (0.4ms)[0m  [1m[34mSELECT  "courses".* FROM "courses" WHERE "courses"."id" IS NULL LIMIT $1[0m  [["LIMIT", 1]]
  [1m[36mCourse Load (0.5ms)[0m  [1m[34mSELECT "courses".* FROM "courses"[0m
  [1m[36mCourse Load (0.3ms)[0m  [1m[34mSELECT  "courses".* FROM "courses" WHERE "courses"."id" IS NULL LIMIT $1[0m  [["LIMIT", 1]]
  [1m[36mCourse Load (0.4ms)[0m  [1m[34mSELECT  "courses".* FROM "courses" ORDER BY "courses"."id" DESC LIMIT $1[0m  [["LIMIT", 1]]
  [1m[36mCourse Load (0.6ms)[0m  [1m[34mSELECT  "courses".* FROM "courses" WHERE "courses"."id" IS NULL LIMIT $1[0m  [["LIMIT", 1]]
  [1m[36mCourse Load (0.2ms)[0m  [1m[34mSELECT  "courses".* FROM "courses" ORDER BY "courses"."id" DESC LIMIT $1[0m  [["LIMIT", 1]]
  [1m[36mCourse Load (0.3ms)[0m  [1m[34mSELECT  "courses".* FROM "courses" WHERE "courses"."id" = $1 LIMIT $2[0m  [["id", 1], ["LIMIT", 1]]
  [1m[36mCourse Load (0.2ms)[0m  [1m[34mSELECT  "courses".* FROM "courses" ORDER BY "courses"."id" ASC LIMIT $1[0m  [["LIMIT", 1]]
  [1m[36mUser Load (13.3ms)[0m  [1m[34mSELECT  "users".* FROM "users" WHERE "users"."id" = $1 LIMIT $2[0m  [["id", 5], ["LIMIT", 1]]
  [1m[36mUser Load (0.3ms)[0m  [1m[34mSELECT  "users".* FROM "users" ORDER BY "users"."id" ASC LIMIT $1[0m  [["LIMIT", 1]]
  [1m[36mUser Load (0.4ms)[0m  [1m[34mSELECT  "users".* FROM "users" ORDER BY "users"."id" ASC LIMIT $1[0m  [["LIMIT", 1]]
  [1m[36mCourse Load (0.5ms)[0m  [1m[34mSELECT  "courses".* FROM "courses" WHERE "courses"."instructor_id" = $1 LIMIT $2[0m  [["instructor_id", 1], ["LIMIT", 1]]
  [1m[36mCourse Load (0.4ms)[0m  [1m[34mSELECT "courses".* FROM "courses"[0m
  [1m[36mUser Load (0.5ms)[0m  [1m[34mSELECT "users".* FROM "users"[0m
  [1m[36mUser Load (0.3ms)[0m  [1m[34mSELECT  "users".* FROM "users" ORDER BY "users"."id" DESC LIMIT $1[0m  [["LIMIT", 1]]
  [1m[36mCourse Load (6.5ms)[0m  [1m[34mSELECT  "courses".* FROM "courses" WHERE "courses"."instructor_id" = $1 LIMIT $2[0m  [["instructor_id", 5], ["LIMIT", 1]]
  [1m[36mUser Load (0.3ms)[0m  [1m[34mSELECT  "users".* FROM "users" ORDER BY "users"."id" ASC LIMIT $1[0m  [["LIMIT", 1]]
  [1m[36mCourse Load (0.3ms)[0m  [1m[34mSELECT  "courses".* FROM "courses" WHERE "courses"."instructor_id" = $1 LIMIT $2[0m  [["instructor_id", 1], ["LIMIT", 1]]
